<testsuites id="" name="" tests="3" failures="0" skipped="3" errors="0" time="0.05308899999999994">
<testsuite name="solid-compliance.spec.js" timestamp="2025-08-17T11:37:29.061Z" hostname="chromium" tests="3" failures="0" skipped="3" time="0" errors="0">
<testcase name="SOLID Compliance Tests › should pass all SOLID principle tests" classname="solid-compliance.spec.js" time="0">
<skipped>
</skipped>
</testcase>
<testcase name="SOLID Compliance Tests › should validate architectural compliance" classname="solid-compliance.spec.js" time="0">
<skipped>
</skipped>
</testcase>
<testcase name="SOLID Compliance Tests › should validate no broken dependencies" classname="solid-compliance.spec.js" time="0">
<skipped>
</skipped>
</testcase>
</testsuite>
</testsuites>